<?xml version="1.0" encoding="UTF-8"?>
<testsuite name="com.nik.runner.MyProjectTest" time="0.004" tests="12" errors="0" skipped="0" failures="0">
  <properties>
[...]
</properties>
  <testcase name="Given The web site is opened as &quot;desktop&quot;" classname="| desktop | cheese |" time="0.004"/>
  <testcase name="Then I fill in &quot;q&quot; by name &quot;cheese&quot;" classname="| desktop | cheese |" time="0"/>
  <testcase name="Then I wait for &quot;2&quot; seconds" classname="| desktop | cheese |" time="0"/>
  <testcase name="Then I submit form by form name &quot;q&quot;" classname="| desktop | cheese |" time="0"/>
  <testcase name="Then The page title should contains &quot;cheese&quot;" classname="| desktop | cheese |" time="0"/>
  <testcase name="| desktop | cheese |" classname="| desktop | cheese |" time="0"/>
  <testcase name="Given The web site is opened as &quot;mobile&quot;" classname="| mobile | bread |" time="0"/>
  <testcase name="Then I fill in &quot;q&quot; by name &quot;bread&quot;" classname="| mobile | bread |" time="0"/>
  <testcase name="Then I wait for &quot;2&quot; seconds" classname="| mobile | bread |" time="0"/>
  <testcase name="Then I submit form by form name &quot;q&quot;" classname="| mobile | bread |" time="0"/>
  <testcase name="Then The page title should contains &quot;bread&quot;" classname="| mobile | bread |" time="0"/>
  <testcase name="| mobile | bread |" classname="| mobile | bread |" time="0"/>
</testsuite>